[03-Mar-2026 00:14:08 UTC] PHP Warning:  Undefined array key "host" in /workspaces/UX221Assignment2/.wordpress/wp-includes/pluggable.php on line 1721
[03-Mar-2026 00:15:21 UTC] PHP Warning:  Undefined variable $parent_theme_name in /workspaces/UX221Assignment2/.wordpress/wp-content/mu-plugins/one-click-child-theme/templates/create_child_form.php on line 18
[03-Mar-2026 00:15:48 UTC] PHP Warning:  Undefined variable $parent_theme_name in /workspaces/UX221Assignment2/.wordpress/wp-content/mu-plugins/one-click-child-theme/templates/create_child_form.php on line 18
[03-Mar-2026 00:16:28 UTC] PHP Warning:  Undefined variable $parent_theme_name in /workspaces/UX221Assignment2/.wordpress/wp-content/mu-plugins/one-click-child-theme/templates/create_child_form.php on line 18
[12-Apr-2026 23:25:54 UTC] PHP Fatal error:  Uncaught Error: Call to undefined function wp_create_category() in /workspaces/UX221Assignment2/.wordpress/wp-content/themes/site-theme/functions.php:75
Stack trace:
#0 /workspaces/UX221Assignment2/.wordpress/wp-includes/class-wp-hook.php(341): site_theme_create_demo_content('')
#1 /workspaces/UX221Assignment2/.wordpress/wp-includes/class-wp-hook.php(365): WP_Hook->apply_filters(NULL, Array)
#2 /workspaces/UX221Assignment2/.wordpress/wp-includes/plugin.php(522): WP_Hook->do_action(Array)
#3 /workspaces/UX221Assignment2/.wordpress/wp-settings.php(742): do_action('init')
#4 /workspaces/UX221Assignment2/.wordpress/wp-config.php(107): require_once('/workspaces/UX2...')
#5 /workspaces/UX221Assignment2/.wordpress/wp-load.php(50): require_once('/workspaces/UX2...')
#6 /workspaces/UX221Assignment2/.wordpress/wp-blog-header.php(13): require_once('/workspaces/UX2...')
#7 /workspaces/UX221Assignment2/.wordpress/index.php(17): require('/workspaces/UX2...')
#8 {main}
  thrown in /workspaces/UX221Assignment2/.wordpress/wp-content/themes/site-theme/functions.php on line 75
[12-Apr-2026 23:27:05 UTC] PHP Fatal error:  Uncaught Error: Call to undefined function wp_create_category() in /workspaces/UX221Assignment2/.wordpress/wp-content/themes/site-theme/functions.php:75
Stack trace:
#0 /workspaces/UX221Assignment2/.wordpress/wp-includes/class-wp-hook.php(341): site_theme_create_demo_content('')
#1 /workspaces/UX221Assignment2/.wordpress/wp-includes/class-wp-hook.php(365): WP_Hook->apply_filters(NULL, Array)
#2 /workspaces/UX221Assignment2/.wordpress/wp-includes/plugin.php(522): WP_Hook->do_action(Array)
#3 /workspaces/UX221Assignment2/.wordpress/wp-settings.php(742): do_action('init')
#4 /workspaces/UX221Assignment2/.wordpress/wp-config.php(107): require_once('/workspaces/UX2...')
#5 /workspaces/UX221Assignment2/.wordpress/wp-load.php(50): require_once('/workspaces/UX2...')
#6 /workspaces/UX221Assignment2/.wordpress/wp-blog-header.php(13): require_once('/workspaces/UX2...')
#7 /workspaces/UX221Assignment2/.wordpress/index.php(17): require('/workspaces/UX2...')
#8 {main}
  thrown in /workspaces/UX221Assignment2/.wordpress/wp-content/themes/site-theme/functions.php on line 75
[12-Apr-2026 23:29:46 UTC] PHP Fatal error:  Uncaught Error: Call to undefined function wp_create_category() in /workspaces/UX221Assignment2/.wordpress/wp-content/themes/site-theme/functions.php:75
Stack trace:
#0 /workspaces/UX221Assignment2/.wordpress/wp-includes/class-wp-hook.php(341): site_theme_create_demo_content('')
#1 /workspaces/UX221Assignment2/.wordpress/wp-includes/class-wp-hook.php(365): WP_Hook->apply_filters(NULL, Array)
#2 /workspaces/UX221Assignment2/.wordpress/wp-includes/plugin.php(522): WP_Hook->do_action(Array)
#3 /workspaces/UX221Assignment2/.wordpress/wp-settings.php(742): do_action('init')
#4 /workspaces/UX221Assignment2/.wordpress/wp-config.php(107): require_once('/workspaces/UX2...')
#5 /workspaces/UX221Assignment2/.wordpress/wp-load.php(50): require_once('/workspaces/UX2...')
#6 /workspaces/UX221Assignment2/.wordpress/wp-blog-header.php(13): require_once('/workspaces/UX2...')
#7 /workspaces/UX221Assignment2/.wordpress/index.php(17): require('/workspaces/UX2...')
#8 {main}
  thrown in /workspaces/UX221Assignment2/.wordpress/wp-content/themes/site-theme/functions.php on line 75
[12-Apr-2026 23:29:51 UTC] PHP Fatal error:  Uncaught Error: Call to undefined function wp_create_category() in /workspaces/UX221Assignment2/.wordpress/wp-content/themes/site-theme/functions.php:75
Stack trace:
#0 /workspaces/UX221Assignment2/.wordpress/wp-includes/class-wp-hook.php(341): site_theme_create_demo_content('')
#1 /workspaces/UX221Assignment2/.wordpress/wp-includes/class-wp-hook.php(365): WP_Hook->apply_filters(NULL, Array)
#2 /workspaces/UX221Assignment2/.wordpress/wp-includes/plugin.php(522): WP_Hook->do_action(Array)
#3 /workspaces/UX221Assignment2/.wordpress/wp-settings.php(742): do_action('init')
#4 /workspaces/UX221Assignment2/.wordpress/wp-config.php(107): require_once('/workspaces/UX2...')
#5 /workspaces/UX221Assignment2/.wordpress/wp-load.php(50): require_once('/workspaces/UX2...')
#6 /workspaces/UX221Assignment2/.wordpress/wp-blog-header.php(13): require_once('/workspaces/UX2...')
#7 /workspaces/UX221Assignment2/.wordpress/index.php(17): require('/workspaces/UX2...')
#8 {main}
  thrown in /workspaces/UX221Assignment2/.wordpress/wp-content/themes/site-theme/functions.php on line 75
